[10348] [NRM] [VoiceChat] [External(0)] [External()] [2023-09-15T15:31:09.946Z]: ==[VC] Client initialized
[10348] [NRM] [VoiceChat] [External(0)] [External()] [2023-09-15T15:31:12.847Z]: ==[VC] Devices started
[10348] [NRM] [VoiceChat] [External(0)] [External()] [2023-09-15T15:31:12.848Z]: ==[VC] SetTargetOutputDevice Headphone (Realtek(R) Audio)
[10348] [NRM] [VoiceChat] [External(0)] [External()] [2023-09-15T15:31:12.849Z]: ==[VC] SetTargetInputDevice Headset Microphone (Realtek(R) Audio)
[10348] [NRM] [VoiceChat] [External(0)] [External()] [2023-09-15T15:31:12.849Z]: ==[VC] Client started
[10348] [NRM] [VoiceChat] [External(0)] [External()] [2023-09-15T15:31:12.984Z]: #=[VC] ResponseGetOutputDevices 01 0(0:811c9dc5) (Default System Device|Default System Device) ({0.0.0.00000000}.{0e9ebca0-6d19-428d-b124-ec60536109b5}|Headphone (Realtek(R) Audio)) ({0.0.0.00000000}.{0e9ebca0-6d19-428d-b124-ec60536109b5}|Headphone (Realtek(R) Audio)) ({0.0.0.00000000}.{0e9ebca0-6d19-428d-b124-ec60536109b5}|Headphone (Realtek(R) Audio))
[10348] [NRM] [VoiceChat] [External(0)] [External()] [2023-09-15T15:31:12.984Z]: ==[VC] Output devices added [(Default Communication Device|Default Communication Device),(Default System Device|Default System Device),(No Device|No Device),({0.0.0.00000000}.{0e9ebca0-6d19-428d-b124-ec60536109b5}|Headphone (Realtek(R) Audio)),({0.0.0.00000000}.{b3086ccd-691b-4cc4-8074-31ef8b369320}|Speaker (Realtek(R) Audio))]
[10348] [NRM] [VoiceChat] [External(0)] [External()] [2023-09-15T15:31:12.986Z]: ==[VC] SetTargetOutputDevice Headphone (Realtek(R) Audio)
[10348] [NRM] [VoiceChat] [External(0)] [External()] [2023-09-15T15:31:12.988Z]: ==[VC] SetTargetInputDevice Headset Microphone (Realtek(R) Audio)
[10348] [NRM] [VoiceChat] [External(0)] [External()] [2023-09-15T15:31:12.988Z]: ==[VC] New active output device (Default System Device|Default System Device)
[10348] [NRM] [VoiceChat] [External(0)] [External()] [2023-09-15T15:31:12.988Z]: #=[VC] ResponseGetInputDevices 01 0(0:811c9dc5) (Default System Device|Default System Device) ({0.0.1.00000000}.{df57d550-3022-466c-bec0-cf237352b39b}|Headset Microphone (Realtek(R) Audio)) ({0.0.1.00000000}.{df57d550-3022-466c-bec0-cf237352b39b}|Headset Microphone (Realtek(R) Audio)) ({0.0.1.00000000}.{df57d550-3022-466c-bec0-cf237352b39b}|Headset Microphone (Realtek(R) Audio))
[10348] [NRM] [VoiceChat] [External(0)] [External()] [2023-09-15T15:31:12.988Z]: ==[VC] Input devices added [(Default Communication Device|Default Communication Device),(Default System Device|Default System Device),(No Device|No Device),({0.0.1.00000000}.{df57d550-3022-466c-bec0-cf237352b39b}|Headset Microphone (Realtek(R) Audio)),({0.0.1.00000000}.{ff30124e-b700-4b66-9a2c-f243f028783e}|Microphone Array (Intel® Smart Sound Technology for Digital Microphones))]
[10348] [NRM] [VoiceChat] [External(0)] [External()] [2023-09-15T15:31:12.990Z]: ==[VC] SetTargetOutputDevice Headphone (Realtek(R) Audio)
[10348] [NRM] [VoiceChat] [External(0)] [External()] [2023-09-15T15:31:12.991Z]: ==[VC] SetTargetInputDevice Headset Microphone (Realtek(R) Audio)
[10348] [NRM] [VoiceChat] [External(0)] [External()] [2023-09-15T15:31:12.991Z]: ==[VC] New active input device (Default System Device|Default System Device)
[10348] [NRM] [VoiceChat] [External(0)] [External()] [2023-09-15T15:31:13.111Z]: #=[VC] ResponseGetOutputDevices 01 0(0:811c9dc5) (Default System Device|Default System Device) ({0.0.0.00000000}.{0e9ebca0-6d19-428d-b124-ec60536109b5}|Headphone (Realtek(R) Audio)) ({0.0.0.00000000}.{0e9ebca0-6d19-428d-b124-ec60536109b5}|Headphone (Realtek(R) Audio)) ({0.0.0.00000000}.{0e9ebca0-6d19-428d-b124-ec60536109b5}|Headphone (Realtek(R) Audio))
[10348] [NRM] [VoiceChat] [External(0)] [External()] [2023-09-15T15:31:13.154Z]: #=[VC] ResponseGetInputDevices 01 0(0:811c9dc5) (Default System Device|Default System Device) ({0.0.1.00000000}.{df57d550-3022-466c-bec0-cf237352b39b}|Headset Microphone (Realtek(R) Audio)) ({0.0.1.00000000}.{df57d550-3022-466c-bec0-cf237352b39b}|Headset Microphone (Realtek(R) Audio)) ({0.0.1.00000000}.{df57d550-3022-466c-bec0-cf237352b39b}|Headset Microphone (Realtek(R) Audio))
[10348] [NRM] [VoiceChat] [External(0)] [External()] [2023-09-15T15:31:13.217Z]: ==[VC] RequestSetActiveOutputDevice ({0.0.0.00000000}.{0e9ebca0-6d19-428d-b124-ec60536109b5}|Headphone (Realtek(R) Audio))
[10348] [NRM] [VoiceChat] [External(0)] [External()] [2023-09-15T15:31:13.217Z]: ==[VC] RequestSetActiveInputDevice ({0.0.1.00000000}.{df57d550-3022-466c-bec0-cf237352b39b}|Headset Microphone (Realtek(R) Audio))
[10348] [NRM] [VoiceChat] [External(0)] [External()] [2023-09-15T15:31:13.249Z]: #=[VC] ResponseSetActiveOutputDevice 02 0(0:811c9dc5) 
[10348] [NRM] [VoiceChat] [External(0)] [External()] [2023-09-15T15:31:13.249Z]: ==[VC] New active output device ({0.0.0.00000000}.{0e9ebca0-6d19-428d-b124-ec60536109b5}|Headphone (Realtek(R) Audio))
[10348] [NRM] [VoiceChat] [External(0)] [External()] [2023-09-15T15:31:13.249Z]: #=[VC] ResponseSetActiveInputDevice 02 0(0:811c9dc5) 
[10348] [NRM] [VoiceChat] [External(0)] [External()] [2023-09-15T15:31:13.249Z]: ==[VC] New active input device ({0.0.1.00000000}.{df57d550-3022-466c-bec0-cf237352b39b}|Headset Microphone (Realtek(R) Audio))
[10348] [NRM] [VoiceChat] [External(0)] [External()] [2023-09-15T15:31:22.608Z]: #=[VC] Auto-Join Enabled Flags 0000 -> 0007
[10348] [NRM] [VoiceChat] [External(0)] [External()] [2023-09-15T15:31:22.608Z]: #=[VC] Channel Enabled Flags 0000 -> 0005
[10348] [NRM] [VoiceChat] [External(0)] [External()] [2023-09-15T15:36:47.133Z]: #=[VC] ChatSystem switching to new TEAM channel: _?__RKg==__?_
[10348] [NRM] [VoiceChat] [External(0)] [External()] [2023-09-15T15:36:47.133Z]: ==[VC] LeaveAllVoiceChannels()
[10348] [NRM] [VoiceChat] [External(0)] [External()] [2023-09-15T15:36:47.133Z]: ==[VC] JoinVoiceChannel() _?__RKg==__?_ - TEAM - active = 1
[10348] [NRM] [VoiceChat] [External(0)] [External()] [2023-09-15T15:36:47.133Z]: ==[VC] Request channel transmit 827423227 (true)
[10348] [NRM] [VoiceChat] [External(0)] [External()] [2023-09-15T15:36:47.133Z]: ==[VC] Request join channel TEAM 827423227 b15179fb
[10348] [NRM] [VoiceChat] [External(0)] [External()] [2023-09-15T15:36:47.133Z]: #=[VC] __SetTargetActiveChannelType(UNKNOWN -> TEAM) : -2
[10348] [NRM] [VoiceChat] [External(0)] [External()] [2023-09-15T15:36:47.185Z]: ==[VC] Request login 55982c30
[10348] [NRM] [VoiceChat] [External(0)] [External()] [2023-09-15T15:36:47.185Z]: ==[VC] Login credentials requested
[10348] [NRM] [VoiceChat] [External(0)] [External()] [2023-09-15T15:36:47.648Z]: #=[VC] LoginCredentials 5 0 55982c30 12670bd4 7d33d227
[10348] [NRM] [VoiceChat] [External(0)] [External()] [2023-09-15T15:36:47.648Z]: ==[VC] Connect requested 080206e9 7d33d227
[10348] [NRM] [VoiceChat] [External(0)] [External()] [2023-09-15T15:36:48.641Z]: #=[VC] ResponseConnect 05 0(0:811c9dc5) 080206e9
[10348] [NRM] [VoiceChat] [External(0)] [External()] [2023-09-15T15:36:48.693Z]: ==[VC] Login requested 080206e9 9bd5d047 12670bd4 55982c30
[10348] [NRM] [VoiceChat] [External(0)] [External()] [2023-09-15T15:36:48.744Z]: #=[VC] LoggingIn 00 0(0:811c9dc5) 9bd5d047
[10348] [NRM] [VoiceChat] [External(0)] [External()] [2023-09-15T15:36:51.580Z]: #=[VC] ResponseLogin 05 0(0:811c9dc5) 323c191f@4a95b6d2
[10348] [NRM] [VoiceChat] [External(0)] [External()] [2023-09-15T15:36:51.580Z]: #=[VC] LoggedIn 00 0(0:811c9dc5) 9bd5d047
[10348] [NRM] [VoiceChat] [External(0)] [External()] [2023-09-15T15:36:51.633Z]: ==[VC] Login complete 55982c30 12670bd4 9bd5d047 
[10348] [NRM] [VoiceChat] [External(0)] [External()] [2023-09-15T15:36:51.686Z]: ==[VC] SetPTTVADProperties
[10348] [NRM] [VoiceChat] [External(0)] [External()] [2023-09-15T15:36:51.686Z]: ==[VC] Channel credentials requested TEAM 827423227
[10348] [NRM] [VoiceChat] [External(0)] [External()] [2023-09-15T15:36:51.739Z]: #=[VC] ResponseGetVADProperties 07 0(0:811c9dc5) hangover 2000 sensitivity 43 noisefloor 576 auto false
[10348] [NRM] [VoiceChat] [External(0)] [External()] [2023-09-15T15:36:51.842Z]: #=[VC] ResponseSetVADProperties 07 0(0:811c9dc5) 
[10348] [NRM] [VoiceChat] [External(0)] [External()] [2023-09-15T15:36:51.842Z]: ==[VC] SetVADProperties success hangover 2000 sensitivity 0 noisefloor 576 auto true
[10348] [NRM] [VoiceChat] [External(0)] [External()] [2023-09-15T15:36:51.842Z]: #=[VC] SetOutputVolume 06 0(0:811c9dc5) 
[10348] [NRM] [VoiceChat] [External(0)] [External()] [2023-09-15T15:36:51.842Z]: #=[VC] SetInputVolume 06 0(0:811c9dc5) 
[10348] [NRM] [VoiceChat] [External(0)] [External()] [2023-09-15T15:36:52.361Z]: #=[VC] ChannelCredentials 4 0 b15179fb 74d60695@4a95b6d2
[10348] [NRM] [VoiceChat] [External(0)] [External()] [2023-09-15T15:36:52.361Z]: ==[VC] Join channel requested 9bd5d047 827423227 74d60695@4a95b6d2
[10348] [NRM] [VoiceChat] [External(0)] [External()] [2023-09-15T15:36:52.414Z]: #=[VC] ResponseJoinChannel 04 0(0:811c9dc5) 827423227
[10348] [NRM] [VoiceChat] [External(0)] [External()] [2023-09-15T15:36:52.466Z]: #=[VC] ChannelAdded 827423227 b15179fb
[10348] [NRM] [VoiceChat] [External(0)] [External()] [2023-09-15T15:36:52.674Z]: #=[VC] ChannelConnection 00 0(0:811c9dc5) 827423227 b15179fb Connecting
[10348] [NRM] [VoiceChat] [External(0)] [External()] [2023-09-15T15:36:53.403Z]: #=[VC] ChannelConnection 00 0(0:811c9dc5) 827423227 b15179fb Connected
[10348] [NRM] [VoiceChat] [External(0)] [External()] [2023-09-15T15:36:53.403Z]: #=[VC] MemberAdded 827423227 b15179fb 323c191f@4a95b6d2 12670bd4 true
[10348] [NRM] [VoiceChat] [External(0)] [External()] [2023-09-15T15:36:53.459Z]: ==[VC] Join channel complete 827423227
[10348] [NRM] [VoiceChat] [External(0)] [External()] [2023-09-15T15:36:53.511Z]: ==[VC] Channel transmit requested 827423227 (true)
[10348] [NRM] [VoiceChat] [External(0)] [External()] [2023-09-15T15:36:53.562Z]: #=[VC] ResponseStartTransmit 03 0(0:811c9dc5) 827423227
[10348] [NRM] [VoiceChat] [External(0)] [External()] [2023-09-15T15:36:53.562Z]: ==[VC] OnJoinChannel NONE -> TEAM

[10348] [NRM] [VoiceChat] [External(0)] [External()] [2023-09-15T15:36:53.613Z]: ==[VC] Notified Lobby of Active channel NONE -> TEAM

[10348] [NRM] [VoiceChat] [External(0)] [External()] [2023-09-15T15:36:53.613Z]: ==[VC] Channel transmit set 827423227 (true)
[10348] [NRM] [VoiceChat] [External(0)] [External()] [2023-09-15T15:36:53.886Z]: #=[VC] MemberIDUpdate 827423227 12670bd4 55982c30
[10348] [NRM] [VoiceChat] [External(0)] [External()] [2023-09-15T15:36:53.886Z]: ==[VC] Member identity updated 12670bd4 55982c30 86a8b3f4
[10348] [NRM] [VoiceChat] [External(0)] [External()] [2023-09-15T15:36:56.935Z]: #=[VC] MemberAdded 827423227 b15179fb 65d86d36@4a95b6d2 adddabdb false
[10348] [NRM] [VoiceChat] [External(0)] [External()] [2023-09-15T15:36:57.328Z]: #=[VC] MemberIDUpdate 827423227 adddabdb 6763bd4b
[10348] [NRM] [VoiceChat] [External(0)] [External()] [2023-09-15T15:36:57.328Z]: ==[VC] Member identity updated adddabdb 6763bd4b 86a8b3f4
[10348] [NRM] [VoiceChat] [External(0)] [External()] [2023-09-15T15:37:28.195Z]: #=[VC] MemberAdded 827423227 b15179fb 6c2be4b4@4a95b6d2 23128f49 false
[10348] [NRM] [VoiceChat] [External(0)] [External()] [2023-09-15T15:37:28.588Z]: #=[VC] MemberIDUpdate 827423227 23128f49 c5a57012
[10348] [NRM] [VoiceChat] [External(0)] [External()] [2023-09-15T15:37:28.588Z]: ==[VC] Member identity updated 23128f49 c5a57012 86a8b3f4
[10348] [NRM] [VoiceChat] [External(0)] [External()] [2023-09-15T15:43:44.773Z]: #=[VC] ChatSystem leaving TEAM channel: _?__RKg==__?_
[10348] [NRM] [VoiceChat] [External(0)] [External()] [2023-09-15T15:43:44.773Z]: ==[VC] LeaveVoiceChannel() _?__RKg==__?_
[10348] [NRM] [VoiceChat] [External(0)] [External()] [2023-09-15T15:43:44.773Z]: ==[VC] Request leave channel 827423227
[10348] [NRM] [VoiceChat] [External(0)] [External()] [2023-09-15T15:43:44.773Z]: ==[VC] Leave channel requested 827423227 b15179fb
[10348] [NRM] [VoiceChat] [External(0)] [External()] [2023-09-15T15:43:44.823Z]: ==[VC] Notified Lobby of Active channel TEAM -> NONE

[10348] [NRM] [VoiceChat] [External(0)] [External()] [2023-09-15T15:43:44.823Z]: #=[VC] ChannelConnection 00 0(0:811c9dc5) 827423227 b15179fb Disconnecting
[10348] [NRM] [VoiceChat] [External(0)] [External()] [2023-09-15T15:43:44.823Z]: #=[VC] ResponseLeaveChannel 19c8d 0(0:811c9dc5) b15179fb 827423227
[10348] [NRM] [VoiceChat] [External(0)] [External()] [2023-09-15T15:43:44.823Z]: #=[VC] ChannelConnection 00 0(0:811c9dc5) 827423227 b15179fb Disconnected
[10348] [NRM] [VoiceChat] [External(0)] [External()] [2023-09-15T15:43:44.823Z]: #=[VC] MemberRemoved 827423227 b15179fb 323c191f@4a95b6d2 12670bd4 0
[10348] [NRM] [VoiceChat] [External(0)] [External()] [2023-09-15T15:43:44.854Z]: #=[VC] ChannelRemoved 827423227 b15179fb 
[10348] [NRM] [VoiceChat] [External(0)] [External()] [2023-09-15T15:43:44.868Z]: ==[VC] Leave channel complete 827423227
[10348] [ERR] [VoiceChat] [External(0)] [External()] [2023-09-15T15:43:44.868Z]: ==[VC] MuteMember failed b15179fb 65d86d36@4a95b6d2 1(1001:bd0706aa)
[10348] [ERR] [VoiceChat] [External(0)] [External()] [2023-09-15T15:43:44.868Z]: ==[VC] MuteMember failed b15179fb 6c2be4b4@4a95b6d2 1(1001:bd0706aa)
[10348] [ERR] [VoiceChat] [External(0)] [External()] [2023-09-15T15:43:44.879Z]: ==[VC] Channel not found for member modify 827423227 65d86d36@4a95b6d2
[10348] [ERR] [VoiceChat] [External(0)] [External()] [2023-09-15T15:43:44.879Z]: ==[VC] Channel not found for member modify 827423227 6c2be4b4@4a95b6d2
[10348] [NRM] [VoiceChat] [External(0)] [External()] [2023-09-15T15:44:12.753Z]: #=[VC] MuteInput 19c90 0(0:811c9dc5) 
[10348] [NRM] [VoiceChat] [External(0)] [External()] [2023-09-15T15:45:32.813Z]: #=[VC] ChatSystem switching to new PARTY channel: _?__OhA==__?_
[10348] [NRM] [VoiceChat] [External(0)] [External()] [2023-09-15T15:45:32.813Z]: ==[VC] LeaveAllVoiceChannels()
[10348] [NRM] [VoiceChat] [External(0)] [External()] [2023-09-15T15:45:32.813Z]: ==[VC] JoinVoiceChannel() _?__OhA==__?_ - PARTY - active = 1
[10348] [NRM] [VoiceChat] [External(0)] [External()] [2023-09-15T15:45:32.813Z]: ==[VC] Request channel transmit 916606332 (true)
[10348] [NRM] [VoiceChat] [External(0)] [External()] [2023-09-15T15:45:32.813Z]: ==[VC] Request join channel PARTY 916606332 36a24d7c
[10348] [NRM] [VoiceChat] [External(0)] [External()] [2023-09-15T15:45:32.813Z]: #=[VC] __SetTargetActiveChannelType(TEAM -> PARTY) : -2
[10348] [NRM] [VoiceChat] [External(0)] [External()] [2023-09-15T15:45:32.813Z]: ==[VC] Channel credentials requested PARTY 916606332
[10348] [NRM] [VoiceChat] [External(0)] [External()] [2023-09-15T15:45:33.530Z]: #=[VC] ChannelCredentials 19c92 0 36a24d7c 1f1ac24e@4a95b6d2
[10348] [NRM] [VoiceChat] [External(0)] [External()] [2023-09-15T15:45:33.530Z]: ==[VC] Join channel requested 9bd5d047 916606332 1f1ac24e@4a95b6d2
[10348] [NRM] [VoiceChat] [External(0)] [External()] [2023-09-15T15:45:33.564Z]: #=[VC] ResponseJoinChannel 19c92 0(0:811c9dc5) 916606332
[10348] [NRM] [VoiceChat] [External(0)] [External()] [2023-09-15T15:45:33.580Z]: #=[VC] ChannelAdded 916606332 36a24d7c
[10348] [NRM] [VoiceChat] [External(0)] [External()] [2023-09-15T15:45:33.813Z]: #=[VC] MemberAdded 916606332 36a24d7c 5c54d78d@4a95b6d2 e14a410a false
[10348] [NRM] [VoiceChat] [External(0)] [External()] [2023-09-15T15:45:33.814Z]: #=[VC] MemberAdded 916606332 36a24d7c 55e1111b@4a95b6d2 84910d84 false
[10348] [NRM] [VoiceChat] [External(0)] [External()] [2023-09-15T15:45:33.814Z]: #=[VC] ChannelConnection 00 0(0:811c9dc5) 916606332 36a24d7c Connecting
[10348] [NRM] [VoiceChat] [External(0)] [External()] [2023-09-15T15:45:34.230Z]: #=[VC] MemberIDUpdate 916606332 e14a410a d5e599c7
[10348] [NRM] [VoiceChat] [External(0)] [External()] [2023-09-15T15:45:34.230Z]: #=[VC] MemberIDUpdate 916606332 84910d84 12bb8848
[10348] [NRM] [VoiceChat] [External(0)] [External()] [2023-09-15T15:45:34.230Z]: ==[VC] Member identity updated e14a410a d5e599c7 e9ff191a
[10348] [NRM] [VoiceChat] [External(0)] [External()] [2023-09-15T15:45:34.230Z]: ==[VC] Member identity updated 84910d84 12bb8848 e6397ac8
[10348] [ERR] [VoiceChat] [External(0)] [External()] [2023-09-15T15:45:34.330Z]: ==[VC] MuteMember failed 36a24d7c 5c54d78d@4a95b6d2 5(20000:2de0a63e)
[10348] [ERR] [VoiceChat] [External(0)] [External()] [2023-09-15T15:45:34.330Z]: ==[VC] MuteMember failed 36a24d7c 55e1111b@4a95b6d2 5(20000:2de0a63e)
[10348] [NRM] [VoiceChat] [External(0)] [External()] [2023-09-15T15:45:34.880Z]: #=[VC] ChannelConnection 00 0(0:811c9dc5) 916606332 36a24d7c Connected
[10348] [NRM] [VoiceChat] [External(0)] [External()] [2023-09-15T15:45:34.880Z]: #=[VC] MemberAdded 916606332 36a24d7c 323c191f@4a95b6d2 12670bd4 true
[10348] [NRM] [VoiceChat] [External(0)] [External()] [2023-09-15T15:45:34.897Z]: ==[VC] Join channel complete 916606332
[10348] [NRM] [VoiceChat] [External(0)] [External()] [2023-09-15T15:45:34.914Z]: ==[VC] Channel transmit requested 916606332 (true)
[10348] [NRM] [VoiceChat] [External(0)] [External()] [2023-09-15T15:45:34.930Z]: #=[VC] ResponseStartTransmit 19c91 0(0:811c9dc5) 916606332
[10348] [NRM] [VoiceChat] [External(0)] [External()] [2023-09-15T15:45:34.930Z]: ==[VC] OnJoinChannel NONE -> PARTY

[10348] [NRM] [VoiceChat] [External(0)] [External()] [2023-09-15T15:45:34.947Z]: ==[VC] Notified Lobby of Active channel NONE -> PARTY

[10348] [NRM] [VoiceChat] [External(0)] [External()] [2023-09-15T15:45:34.947Z]: ==[VC] Channel transmit set 916606332 (true)
[10348] [NRM] [VoiceChat] [External(0)] [External()] [2023-09-15T15:45:35.231Z]: #=[VC] MemberIDUpdate 916606332 12670bd4 55982c30
[10348] [NRM] [VoiceChat] [External(0)] [External()] [2023-09-15T15:45:35.231Z]: ==[VC] Member identity updated 12670bd4 55982c30 86a8b3f4
[10348] [NRM] [VoiceChat] [External(0)] [External()] [2023-09-15T15:45:38.566Z]: #=[VC] __SetTargetActiveChannelType(PARTY -> NONE) : 4
[10348] [NRM] [VoiceChat] [External(0)] [External()] [2023-09-15T15:45:38.580Z]: #=[VC] ChatSystem leaving PARTY channel: _?__OhA==__?_
[10348] [NRM] [VoiceChat] [External(0)] [External()] [2023-09-15T15:45:38.580Z]: ==[VC] LeaveVoiceChannel() _?__OhA==__?_
[10348] [NRM] [VoiceChat] [External(0)] [External()] [2023-09-15T15:45:38.580Z]: ==[VC] Request leave channel 916606332
[10348] [NRM] [VoiceChat] [External(0)] [External()] [2023-09-15T15:45:38.580Z]: ==[VC] Leave channel requested 916606332 36a24d7c
[10348] [NRM] [VoiceChat] [External(0)] [External()] [2023-09-15T15:45:38.599Z]: ==[VC] Notified Lobby of Active channel PARTY -> NONE

[10348] [NRM] [VoiceChat] [External(0)] [External()] [2023-09-15T15:45:38.599Z]: #=[VC] ChannelConnection 00 0(0:811c9dc5) 916606332 36a24d7c Disconnecting
[10348] [NRM] [VoiceChat] [External(0)] [External()] [2023-09-15T15:45:38.599Z]: #=[VC] ResponseLeaveChannel 19e55 0(0:811c9dc5) 36a24d7c 916606332
[10348] [NRM] [VoiceChat] [External(0)] [External()] [2023-09-15T15:45:38.599Z]: #=[VC] ChannelConnection 00 0(0:811c9dc5) 916606332 36a24d7c Disconnected
[10348] [NRM] [VoiceChat] [External(0)] [External()] [2023-09-15T15:45:38.599Z]: #=[VC] MemberRemoved 916606332 36a24d7c 323c191f@4a95b6d2 12670bd4 0
[10348] [NRM] [VoiceChat] [External(0)] [External()] [2023-09-15T15:45:38.648Z]: #=[VC] ChannelRemoved 916606332 36a24d7c 
[10348] [NRM] [VoiceChat] [External(0)] [External()] [2023-09-15T15:45:38.664Z]: ==[VC] Leave channel complete 916606332
[10348] [NRM] [VoiceChat] [External(0)] [External()] [2023-09-15T15:46:00.899Z]: #=[VC] Channel Enabled Flags 0005 -> 0007
[10348] [NRM] [VoiceChat] [External(0)] [External()] [2023-09-15T15:46:31.927Z]: #=[VC] Channel Enabled Flags 0007 -> 0005
[10348] [NRM] [VoiceChat] [External(0)] [External()] [2023-09-15T15:52:23.324Z]: #=[VC] Channel Enabled Flags 0005 -> 0007
[10348] [NRM] [VoiceChat] [External(0)] [External()] [2023-09-15T15:53:02.104Z]: #=[VC] Channel Enabled Flags 0007 -> 0005
[10348] [NRM] [VoiceChat] [External(0)] [External()] [2023-09-15T16:05:40.816Z]: #=[VC] Channel Enabled Flags 0005 -> 0007
[10348] [NRM] [VoiceChat] [External(0)] [External()] [2023-09-15T16:06:09.865Z]: #=[VC] Channel Enabled Flags 0007 -> 0005
[10348] [NRM] [VoiceChat] [External(0)] [External()] [2023-09-15T16:11:36.686Z]: #=[VC] Channel Enabled Flags 0005 -> 0007
[10348] [NRM] [VoiceChat] [External(0)] [External()] [2023-09-15T16:14:06.009Z]: #=[VC] Channel Enabled Flags 0007 -> 0005
[10348] [NRM] [VoiceChat] [External(0)] [External()] [2023-09-15T16:29:45.642Z]: #=[VC] Channel Enabled Flags 0005 -> 0007
[10348] [NRM] [VoiceChat] [External(0)] [External()] [2023-09-15T16:30:12.006Z]: #=[VC] Channel Enabled Flags 0007 -> 0005
[10348] [NRM] [VoiceChat] [External(0)] [External()] [2023-09-15T16:37:51.263Z]: #=[VC] Channel Enabled Flags 0005 -> 0007
[10348] [NRM] [VoiceChat] [External(0)] [External()] [2023-09-15T16:38:39.739Z]: #=[VC] Channel Enabled Flags 0007 -> 0005
[10348] [NRM] [VoiceChat] [External(0)] [External()] [2023-09-15T16:43:43.416Z]: #=[VC] Channel Enabled Flags 0005 -> 0007
[10348] [NRM] [VoiceChat] [External(0)] [External()] [2023-09-15T16:44:15.765Z]: #=[VC] Channel Enabled Flags 0007 -> 0005
[10348] [NRM] [VoiceChat] [External(0)] [External()] [2023-09-15T16:44:38.944Z]: #=[VC] Channel Enabled Flags 0005 -> 0007
[10348] [NRM] [VoiceChat] [External(0)] [External()] [2023-09-15T16:45:16.097Z]: #=[VC] Channel Enabled Flags 0007 -> 0005
[10348] [NRM] [VoiceChat] [External(0)] [External()] [2023-09-15T17:01:13.244Z]: #=[VC] Auto-Join Enabled Flags 0007 -> 0002
[10348] [NRM] [VoiceChat] [External(0)] [External()] [2023-09-15T17:01:13.244Z]: #=[VC] Channel Enabled Flags 0005 -> 0000
[10348] [NRM] [VoiceChat] [External(0)] [External()] [2023-09-15T17:01:13.244Z]: ==[VC] Request logout
[10348] [NRM] [VoiceChat] [External(0)] [External()] [2023-09-15T17:01:13.244Z]: ==[VC] Logout requested 9bd5d047
[10348] [NRM] [VoiceChat] [External(0)] [External()] [2023-09-15T17:01:13.798Z]: ==[VC] Request stop
[10348] [NRM] [VoiceChat] [External(0)] [External()] [2023-09-15T17:01:13.798Z]: ==[VC] Cancel all queued trackers 1
[10348] [NRM] [VoiceChat] [External(0)] [External()] [2023-09-15T17:01:13.804Z]: #=[VC] ResponseLogout 19e60 0(0:811c9dc5) 
[10348] [NRM] [VoiceChat] [External(0)] [External()] [2023-09-15T17:01:13.804Z]: #=[VC] LoggingOut 00 0(0:811c9dc5) 9bd5d047
[10348] [NRM] [VoiceChat] [External(0)] [External()] [2023-09-15T17:01:13.804Z]: #=[VC] LoggedOut 00 0(0:811c9dc5) 9bd5d047
[10348] [NRM] [VoiceChat] [External(0)] [External()] [2023-09-15T17:01:14.245Z]: ==[VC] Disconnect requested 080206e9
[10348] [NRM] [VoiceChat] [External(0)] [External()] [2023-09-15T17:01:14.293Z]: #=[VC] ResponseDisconnect 19e60 0(0:811c9dc5) 
